  [1m[35m (2.6ms)[0m  [1m[34mSELECT sqlite_version(*)[0m
  [1m[35m (1.6ms)[0m  [1m[35mCREATE TABLE "schema_migrations" ("version" varchar NOT NULL PRIMARY KEY)[0m
  [1m[35m (1.2ms)[0m  [1m[35mCREATE TABLE "ar_internal_metadata" ("key" varchar NOT NULL PRIMARY KEY, "value" varchar, "created_at" datetime(6) NOT NULL, "updated_at" datetime(6) NOT NULL)[0m
  [1m[35m (0.2ms)[0m  [1m[34mSELECT "schema_migrations"."version" FROM "schema_migrations" ORDER BY "schema_migrations"."version" ASC[0m
Migrating to CreateUsers (20210307130656)
  [1m[35m (0.4ms)[0m  [1m[34mSELECT sqlite_version(*)[0m
  [1m[35m (0.1ms)[0m  [1m[34mSELECT "schema_migrations"."version" FROM "schema_migrations" ORDER BY "schema_migrations"."version" ASC[0m
Migrating to CreateUsers (20210307130656)
  [1m[35m (0.4ms)[0m  [1m[34mSELECT sqlite_version(*)[0m
  [1m[35m (0.2ms)[0m  [1m[34mSELECT "schema_migrations"."version" FROM "schema_migrations" ORDER BY "schema_migrations"."version" ASC[0m
Migrating to CreateUsers (20210307130656)
  [1m[36mTRANSACTION (0.1ms)[0m  [1m[36mbegin transaction[0m
  [1m[35m (0.6ms)[0m  [1m[35mCREATE TABLE "users" ("id" integer PRIMARY KEY AUTOINCREMENT NOT NULL, "email" varchar, "name" varchar, "activated" datetime, "admin" boolean DEFAULT 0, "created_at" datetime NOT NULL, "updated_at" datetime NOT NULL)[0m
  [1m[36mActiveRecord::SchemaMigration Create (0.6ms)[0m  [1m[32mINSERT INTO "schema_migrations" ("version") VALUES (?)[0m  [["version", "20210307130656"]]
  [1m[36mTRANSACTION (1.2ms)[0m  [1m[36mcommit transaction[0m
  [1m[36mActiveRecord::InternalMetadata Load (0.5ms)[0m  [1m[34mSELECT "ar_internal_metadata".* FROM "ar_internal_metadata" WHERE "ar_internal_metadata"."key" = ? LIMIT ?[0m  [["key", "environment"], ["LIMIT", 1]]
  [1m[36mTRANSACTION (0.0ms)[0m  [1m[36mbegin transaction[0m
  [1m[36mActiveRecord::InternalMetadata Create (0.7ms)[0m  [1m[32mINSERT INTO "ar_internal_metadata" ("key", "value", "created_at", "updated_at") VALUES (?, ?, ?, ?)[0m  [["key", "environment"], ["value", "development"], ["created_at", "2021-03-07 13:15:33.508841"], ["updated_at", "2021-03-07 13:15:33.508841"]]
  [1m[36mTRANSACTION (0.9ms)[0m  [1m[36mcommit transaction[0m
  [1m[35m (0.1ms)[0m  [1m[34mSELECT sqlite_version(*)[0m
  [1m[35m (0.1ms)[0m  [1m[34mSELECT "schema_migrations"."version" FROM "schema_migrations" ORDER BY "schema_migrations"."version" ASC[0m
  [1m[35m (0.4ms)[0m  [1m[34mSELECT sqlite_version(*)[0m
  [1m[35m (0.1ms)[0m  [1m[34mSELECT "schema_migrations"."version" FROM "schema_migrations" ORDER BY "schema_migrations"."version" ASC[0m
  [1m[35m (0.1ms)[0m  [1m[34mSELECT sqlite_version(*)[0m
  [1m[36mTRANSACTION (0.1ms)[0m  [1m[36mbegin transaction[0m
  [1m[36mUser Create (1.5ms)[0m  [1m[32mINSERT INTO "users" ("email", "name", "activated", "created_at", "updated_at") VALUES (?, ?, ?, ?, ?)[0m  [["email", "test-user-00@mail.com"], ["name", "test-user-00"], ["activated", "2021-03-07 13:17:27.497672"], ["created_at", "2021-03-07 13:17:27.505916"], ["updated_at", "2021-03-07 13:17:27.505916"]]
  [1m[36mTRANSACTION (1.2ms)[0m  [1m[36mcommit transaction[0m
  [1m[36mTRANSACTION (0.0ms)[0m  [1m[36mbegin transaction[0m
  [1m[36mUser Create (0.3ms)[0m  [1m[32mINSERT INTO "users" ("email", "name", "activated", "created_at", "updated_at") VALUES (?, ?, ?, ?, ?)[0m  [["email", "test-user-01@mail.com"], ["name", "test-user-01"], ["activated", "2021-03-07 13:17:27.497705"], ["created_at", "2021-03-07 13:17:27.513572"], ["updated_at", "2021-03-07 13:17:27.513572"]]
  [1m[36mTRANSACTION (9.5ms)[0m  [1m[36mcommit transaction[0m
Started GET "/api/v1/users/1.json" for 127.0.0.1 at 2021-03-07 21:20:46 +0800
  [1m[35m (1.3ms)[0m  [1m[34mSELECT sqlite_version(*)[0m
  [1m[35m (0.5ms)[0m  [1m[34mSELECT "schema_migrations"."version" FROM "schema_migrations" ORDER BY "schema_migrations"."version" ASC[0m
  
SyntaxError (/Users/anker/RubymineProjects/some_project/rails_guides_test/apidemo/app/controllers/api/v1/users_controller.rb:4: syntax error, unexpected end-of-input, expecting `end'):
  
app/controllers/api/v1/users_controller.rb:4: syntax error, unexpected end-of-input, expecting `end'
app/controllers/api/v1/users_controller.rb:4: syntax error, unexpected end-of-input, expecting `end'
app/controllers/api/v1/users_controller.rb:4: syntax error, unexpected end-of-input, expecting `end'
Started GET "/api/v1/users/1" for 127.0.0.1 at 2021-03-07 21:21:13 +0800
  
SyntaxError (/Users/anker/RubymineProjects/some_project/rails_guides_test/apidemo/app/controllers/api/v1/users_controller.rb:4: syntax error, unexpected end-of-input, expecting `end'):
  
app/controllers/api/v1/users_controller.rb:4: syntax error, unexpected end-of-input, expecting `end'
app/controllers/api/v1/users_controller.rb:4: syntax error, unexpected end-of-input, expecting `end'
app/controllers/api/v1/users_controller.rb:4: syntax error, unexpected end-of-input, expecting `end'
Started GET "/api/v1/users/1.json" for 127.0.0.1 at 2021-03-07 21:21:20 +0800
  
SyntaxError (/Users/anker/RubymineProjects/some_project/rails_guides_test/apidemo/app/controllers/api/v1/users_controller.rb:4: syntax error, unexpected end-of-input, expecting `end'):
  
app/controllers/api/v1/users_controller.rb:4: syntax error, unexpected end-of-input, expecting `end'
app/controllers/api/v1/users_controller.rb:4: syntax error, unexpected end-of-input, expecting `end'
app/controllers/api/v1/users_controller.rb:4: syntax error, unexpected end-of-input, expecting `end'
Started GET "/api/v1/users/1.json" for 127.0.0.1 at 2021-03-07 21:22:15 +0800
  
SyntaxError (/Users/anker/RubymineProjects/some_project/rails_guides_test/apidemo/app/controllers/api/v1/users_controller.rb:4: syntax error, unexpected end-of-input, expecting `end'):
  
app/controllers/api/v1/users_controller.rb:4: syntax error, unexpected end-of-input, expecting `end'
app/controllers/api/v1/users_controller.rb:4: syntax error, unexpected end-of-input, expecting `end'
app/controllers/api/v1/users_controller.rb:4: syntax error, unexpected end-of-input, expecting `end'
Started GET "/api/v1/users/1.json" for 127.0.0.1 at 2021-03-07 21:28:53 +0800
  [1m[35m (1.4ms)[0m  [1m[34mSELECT sqlite_version(*)[0m
  [1m[35m (0.5ms)[0m  [1m[34mSELECT "schema_migrations"."version" FROM "schema_migrations" ORDER BY "schema_migrations"."version" ASC[0m
Processing by Api::V1::UsersController#show as JSON
  Parameters: {"id"=>"1"}
  [1m[36mUser Load (0.5ms)[0m  [1m[34mSELECT "users".* FROM "users" WHERE "users"."id" = ? LIMIT ?[0m  [["id", 1], ["LIMIT", 1]]
  ↳ app/controllers/api/v1/users_controller.rb:3:in `show'
  Rendering api/v1/users/show.json.jbuilder
  Rendered api/v1/users/show.json.jbuilder (Duration: 2.0ms | Allocations: 388)
Completed 200 OK in 33ms (Views: 6.9ms | ActiveRecord: 2.0ms | Allocations: 8802)


